{"uuid":"1051d0f0-3358-433d-aeca-aa7d9564076e","historyId":"242d1e1aa22181a6dd40b32229b05c0b","testCaseId":"[engine:junit-jupiter]/[class:tapper.tests.waiter_admin_account.menu._11_2_ggTest]/[method:gg()]","testCaseName":"1.6. Проверяем работу 'Показать активные для гостя'","fullName":"tapper.tests.waiter_admin_account.menu._11_2_ggTest.gg","labels":[{"name":"junit.platform.uniqueid","value":"[engine:junit-jupiter]/[class:tapper.tests.waiter_admin_account.menu._11_2_ggTest]/[method:gg()]"},{"name":"epic","value":"Личный кабинет администратора ресторана"},{"name":"feature","value":"Меню"},{"name":"host","value":"WIN-UJN5UBMF8DD"},{"name":"thread","value":"15464@WIN-UJN5UBMF8DD.ForkJoinPool-1-worker-3(17)"},{"name":"framework","value":"junit-platform"},{"name":"language","value":"java"},{"name":"package","value":"tapper.tests.waiter_admin_account.menu._11_2_ggTest"},{"name":"testClass","value":"tapper.tests.waiter_admin_account.menu._11_2_ggTest"},{"name":"testMethod","value":"gg"},{"name":"suite","value":"Перетаскивание, сортировка меню"}],"links":[],"name":"1.6. Проверяем работу 'Показать активные для гостя'","status":"failed","statusDetails":{"known":false,"muted":false,"flaky":false,"message":"Element not found {.vAdmiMenuTable__item-btn+.vAdmiMenuTable__item-btn .vAdminMenuBtn[0]/.vAdminMenuBtn}\r\nExpected: exist\r\nScreenshot: file:/C:/tapper.cloud/build/reports/tests/1671166059152.0.png\r\nTimeout: 4 s.\r\nCaused by: NoSuchElementException: no such element: Unable to locate element: {\"method\":\"css selector\",\"selector\":\".vAdminMenuBtn\"}","trace":"Element not found {.vAdmiMenuTable__item-btn+.vAdmiMenuTable__item-btn .vAdminMenuBtn[0]/.vAdminMenuBtn}\r\nExpected: exist\r\nScreenshot: file:/C:/tapper.cloud/build/reports/tests/1671166059152.0.png\r\nTimeout: 4 s.\r\nCaused by: NoSuchElementException: no such element: Unable to locate element: {\"method\":\"css selector\",\"selector\":\".vAdminMenuBtn\"}\r\n\tat com.codeborne.selenide.impl.WebElementSource.createElementNotFoundError(WebElementSource.java:87)\r\n\tat com.codeborne.selenide.impl.ElementFinder.createElementNotFoundError(ElementFinder.java:138)\r\n\tat com.codeborne.selenide.impl.ExceptionWrapper.wrap(ExceptionWrapper.java:32)\r\n\tat com.codeborne.selenide.impl.SelenideElementProxy.dispatchAndRetry(SelenideElementProxy.java:152)\r\n\tat com.codeborne.selenide.impl.SelenideElementProxy.invoke(SelenideElementProxy.java:82)\r\n\tat jdk.proxy2/jdk.proxy2.$Proxy23.getAttribute(Unknown Source)\r\n\tat tapper_admin.menu.Menu.saveMenuData(Menu.java:456)\r\n\tat tapper.tests.waiter_admin_account.menu._11_2_ggTest.gg(_11_2_ggTest.java:90)\r\n\tat java.base/jdk.internal.reflect.NativeMethodAccessorImpl.invoke0(Native Method)\r\n\tat java.base/jdk.internal.reflect.NativeMethodAccessorImpl.invoke(NativeMethodAccessorImpl.java:78)\r\n\tat java.base/jdk.internal.reflect.DelegatingMethodAccessorImpl.invoke(DelegatingMethodAccessorImpl.java:43)\r\n\tat java.base/java.lang.reflect.Method.invoke(Method.java:567)\r\n\tat org.junit.platform.commons.util.ReflectionUtils.invokeMethod(ReflectionUtils.java:727)\r\n\tat org.junit.jupiter.engine.execution.MethodInvocation.proceed(MethodInvocation.java:60)\r\n\tat org.junit.jupiter.engine.execution.InvocationInterceptorChain$ValidatingInvocation.proceed(InvocationInterceptorChain.java:131)\r\n\tat org.junit.jupiter.engine.extension.TimeoutExtension.intercept(TimeoutExtension.java:156)\r\n\tat org.junit.jupiter.engine.extension.TimeoutExtension.interceptTestableMethod(TimeoutExtension.java:147)\r\n\tat org.junit.jupiter.engine.extension.TimeoutExtension.interceptTestMethod(TimeoutExtension.java:86)\r\n\tat org.junit.jupiter.engine.execution.InterceptingExecutableInvoker$ReflectiveInterceptorCall.lambda$ofVoidMethod$0(InterceptingExecutableInvoker.java:103)\r\n\tat org.junit.jupiter.engine.execution.InterceptingExecutableInvoker.lambda$invoke$0(InterceptingExecutableInvoker.java:93)\r\n\tat org.junit.jupiter.engine.execution.InvocationInterceptorChain$InterceptedInvocation.proceed(InvocationInterceptorChain.java:106)\r\n\tat org.junit.jupiter.engine.execution.InvocationInterceptorChain.proceed(InvocationInterceptorChain.java:64)\r\n\tat org.junit.jupiter.engine.execution.InvocationInterceptorChain.chainAndInvoke(InvocationInterceptorChain.java:45)\r\n\tat org.junit.jupiter.engine.execution.InvocationInterceptorChain.invoke(InvocationInterceptorChain.java:37)\r\n\tat org.junit.jupiter.engine.execution.InterceptingExecutableInvoker.invoke(InterceptingExecutableInvoker.java:92)\r\n\tat org.junit.jupiter.engine.execution.InterceptingExecutableInvoker.invoke(InterceptingExecutableInvoker.java:86)\r\n\tat org.junit.jupiter.engine.descriptor.TestMethodTestDescriptor.lambda$invokeTestMethod$7(TestMethodTestDescriptor.java:217)\r\n\tat org.junit.platform.engine.support.hierarchical.ThrowableCollector.execute(ThrowableCollector.java:73)\r\n\tat org.junit.jupiter.engine.descriptor.TestMethodTestDescriptor.invokeTestMethod(TestMethodTestDescriptor.java:213)\r\n\tat org.junit.jupiter.engine.descriptor.TestMethodTestDescriptor.execute(TestMethodTestDescriptor.java:138)\r\n\tat org.junit.jupiter.engine.descriptor.TestMethodTestDescriptor.execute(TestMethodTestDescriptor.java:68)\r\n\tat org.junit.platform.engine.support.hierarchical.NodeTestTask.lambda$executeRecursively$6(NodeTestTask.java:151)\r\n\tat org.junit.platform.engine.support.hierarchical.ThrowableCollector.execute(ThrowableCollector.java:73)\r\n\tat org.junit.platform.engine.support.hierarchical.NodeTestTask.lambda$executeRecursively$8(NodeTestTask.java:141)\r\n\tat org.junit.platform.engine.support.hierarchical.Node.around(Node.java:137)\r\n\tat org.junit.platform.engine.support.hierarchical.NodeTestTask.lambda$executeRecursively$9(NodeTestTask.java:139)\r\n\tat org.junit.platform.engine.support.hierarchical.ThrowableCollector.execute(ThrowableCollector.java:73)\r\n\tat org.junit.platform.engine.support.hierarchical.NodeTestTask.executeRecursively(NodeTestTask.java:138)\r\n\tat org.junit.platform.engine.support.hierarchical.NodeTestTask.execute(NodeTestTask.java:95)\r\n\tat org.junit.platform.engine.support.hierarchical.ForkJoinPoolHierarchicalTestExecutorService$ExclusiveTask.compute(ForkJoinPoolHierarchicalTestExecutorService.java:185)\r\n\tat org.junit.platform.engine.support.hierarchical.ForkJoinPoolHierarchicalTestExecutorService.invokeAll(ForkJoinPoolHierarchicalTestExecutorService.java:129)\r\n\tat org.junit.platform.engine.support.hierarchical.NodeTestTask.lambda$executeRecursively$6(NodeTestTask.java:155)\r\n\tat org.junit.platform.engine.support.hierarchical.ThrowableCollector.execute(ThrowableCollector.java:73)\r\n\tat org.junit.platform.engine.support.hierarchical.NodeTestTask.lambda$executeRecursively$8(NodeTestTask.java:141)\r\n\tat org.junit.platform.engine.support.hierarchical.Node.around(Node.java:137)\r\n\tat org.junit.platform.engine.support.hierarchical.NodeTestTask.lambda$executeRecursively$9(NodeTestTask.java:139)\r\n\tat org.junit.platform.engine.support.hierarchical.ThrowableCollector.execute(ThrowableCollector.java:73)\r\n\tat org.junit.platform.engine.support.hierarchical.NodeTestTask.executeRecursively(NodeTestTask.java:138)\r\n\tat org.junit.platform.engine.support.hierarchical.NodeTestTask.execute(NodeTestTask.java:95)\r\n\tat org.junit.platform.engine.support.hierarchical.ForkJoinPoolHierarchicalTestExecutorService$ExclusiveTask.compute(ForkJoinPoolHierarchicalTestExecutorService.java:185)\r\n\tat org.junit.platform.engine.support.hierarchical.ForkJoinPoolHierarchicalTestExecutorService.invokeAll(ForkJoinPoolHierarchicalTestExecutorService.java:129)\r\n\tat org.junit.platform.engine.support.hierarchical.NodeTestTask.lambda$executeRecursively$6(NodeTestTask.java:155)\r\n\tat org.junit.platform.engine.support.hierarchical.ThrowableCollector.execute(ThrowableCollector.java:73)\r\n\tat org.junit.platform.engine.support.hierarchical.NodeTestTask.lambda$executeRecursively$8(NodeTestTask.java:141)\r\n\tat org.junit.platform.engine.support.hierarchical.Node.around(Node.java:137)\r\n\tat org.junit.platform.engine.support.hierarchical.NodeTestTask.lambda$executeRecursively$9(NodeTestTask.java:139)\r\n\tat org.junit.platform.engine.support.hierarchical.ThrowableCollector.execute(ThrowableCollector.java:73)\r\n\tat org.junit.platform.engine.support.hierarchical.NodeTestTask.executeRecursively(NodeTestTask.java:138)\r\n\tat org.junit.platform.engine.support.hierarchical.NodeTestTask.execute(NodeTestTask.java:95)\r\n\tat org.junit.platform.engine.support.hierarchical.ForkJoinPoolHierarchicalTestExecutorService$ExclusiveTask.compute(ForkJoinPoolHierarchicalTestExecutorService.java:185)\r\n\tat java.base/java.util.concurrent.RecursiveAction.exec(RecursiveAction.java:194)\r\n\tat java.base/java.util.concurrent.ForkJoinTask.doExec(ForkJoinTask.java:295)\r\n\tat java.base/java.util.concurrent.ForkJoinPool$WorkQueue.topLevelExec(ForkJoinPool.java:1016)\r\n\tat java.base/java.util.concurrent.ForkJoinPool.scan(ForkJoinPool.java:1665)\r\n\tat java.base/java.util.concurrent.ForkJoinPool.runWorker(ForkJoinPool.java:1598)\r\n\tat java.base/java.util.concurrent.ForkJoinWorkerThread.run(ForkJoinWorkerThread.java:183)\r\nCaused by: org.openqa.selenium.NoSuchElementException: no such element: Unable to locate element: {\"method\":\"css selector\",\"selector\":\".vAdminMenuBtn\"}\n  (Session info: chrome=108.0.5359.125)\nFor documentation on this error, please visit: https://selenium.dev/exceptions/#no_such_element\nBuild info: version: '4.6.0', revision: '79f1c02ae20'\nSystem info: os.name: 'Windows 10', os.arch: 'amd64', os.version: '10.0', java.version: '16.0.2'\nDriver info: org.openqa.selenium.chrome.ChromeDriver\nCommand: [1b682c0922ad4dca7a36d1192d74229a, findChildElement {id=1e44fea0-d174-4d42-92d3-4b23e8481983, using=css selector, value=.vAdminMenuBtn}]\nCapabilities {acceptInsecureCerts: true, browserName: chrome, browserVersion: 108.0.5359.125, chrome: {chromedriverVersion: 108.0.5359.71 (1e0e3868ee06..., userDataDir: C:\\Users\\user\\AppData\\Local...}, goog:chromeOptions: {debuggerAddress: localhost:54804}, networkConnectionEnabled: false, pageLoadStrategy: normal, platformName: WINDOWS, proxy: Proxy(), se:cdp: ws://localhost:54804/devtoo..., se:cdpVersion: 108.0.5359.125, setWindowRect: true, strictFileInteractability: false, timeouts: {implicit: 0, pageLoad: 300000, script: 30000}, unhandledPromptBehavior: accept, webauthn:extension:credBlob: true, webauthn:extension:largeBlob: true, webauthn:virtualAuthenticators: true}\nSession ID: 1b682c0922ad4dca7a36d1192d74229a\r\n\tat jdk.internal.reflect.GeneratedConstructorAccessor14.newInstance(Unknown Source)\r\n\tat java.base/jdk.internal.reflect.DelegatingConstructorAccessorImpl.newInstance(DelegatingConstructorAccessorImpl.java:45)\r\n\tat java.base/java.lang.reflect.Constructor.newInstanceWithCaller(Constructor.java:499)\r\n\tat java.base/java.lang.reflect.Constructor.newInstance(Constructor.java:480)\r\n\tat org.openqa.selenium.remote.codec.w3c.W3CHttpResponseCodec.createException(W3CHttpResponseCodec.java:200)\r\n\tat org.openqa.selenium.remote.codec.w3c.W3CHttpResponseCodec.decode(W3CHttpResponseCodec.java:133)\r\n\tat org.openqa.selenium.remote.codec.w3c.W3CHttpResponseCodec.decode(W3CHttpResponseCodec.java:53)\r\n\tat org.openqa.selenium.remote.HttpCommandExecutor.execute(HttpCommandExecutor.java:184)\r\n\tat org.openqa.selenium.remote.service.DriverCommandExecutor.invokeExecute(DriverCommandExecutor.java:167)\r\n\tat org.openqa.selenium.remote.service.DriverCommandExecutor.execute(DriverCommandExecutor.java:142)\r\n\tat org.openqa.selenium.remote.RemoteWebDriver.execute(RemoteWebDriver.java:541)\r\n\tat org.openqa.selenium.remote.ElementLocation$ElementFinder$2.findElement(ElementLocation.java:162)\r\n\tat org.openqa.selenium.remote.ElementLocation.findElement(ElementLocation.java:60)\r\n\tat org.openqa.selenium.remote.RemoteWebDriver.findElement(RemoteWebDriver.java:365)\r\n\tat org.openqa.selenium.remote.RemoteWebElement.findElement(RemoteWebElement.java:227)\r\n\tat com.codeborne.selenide.impl.WebElementSelector.findElement(WebElementSelector.java:70)\r\n\tat com.codeborne.selenide.impl.WebElementSelector.findElement(WebElementSelector.java:44)\r\n\tat com.codeborne.selenide.impl.WebElementSelector.findElement(WebElementSelector.java:33)\r\n\tat com.codeborne.selenide.impl.ElementFinder.getWebElement(ElementFinder.java:118)\r\n\tat com.codeborne.selenide.commands.GetAttribute.execute(GetAttribute.java:20)\r\n\tat com.codeborne.selenide.commands.GetAttribute.execute(GetAttribute.java:13)\r\n\tat com.codeborne.selenide.commands.Commands.execute(Commands.java:157)\r\n\tat com.codeborne.selenide.impl.SelenideElementProxy.dispatchAndRetry(SelenideElementProxy.java:130)\r\n\t... 62 more\r\n"},"stage":"finished","description":"","steps":[{"name":"Авторизуемся на под админом ресторана","status":"passed","stage":"finished","steps":[{"name":"Открытие страницы https://tapper.staging.zedform.ru/users","status":"passed","stage":"finished","steps":[],"attachments":[],"parameters":[{"name":"url","value":"https://tapper.staging.zedform.ru/users"}],"start":1671166040161,"stop":1671166044466},{"name":"Принудительное ожидание из-за долгой загрузки страницы,элементов,скриптов (1000 мс)","status":"passed","stage":"finished","steps":[],"attachments":[],"parameters":[{"name":"ms","value":"1000"}],"start":1671166044468,"stop":1671166045476},{"name":"Проверка отображения всех элементов на странице авторизации официанта","status":"passed","stage":"finished","steps":[{"name":"Элемент присутствует на странице","status":"passed","stage":"finished","steps":[],"attachments":[],"parameters":[{"name":"element","value":"<p class=\"sign__welcome\">С возвращением</p>"}],"start":1671166045659,"stop":1671166045690},{"name":"Элемент присутствует на странице","status":"passed","stage":"finished","steps":[],"attachments":[],"parameters":[{"name":"element","value":"<h2 class=\"sign__title\">Вход в учётную запись</h2>"}],"start":1671166045741,"stop":1671166045757},{"name":"Элемент присутствует на странице","status":"passed","stage":"finished","steps":[],"attachments":[],"parameters":[{"name":"element","value":"<input autocomplete=\"off\" class=\"vLandingInput__field\" id=\"email\" name=\"email\" required type=\"text\"></input>"}],"start":1671166045805,"stop":1671166045820},{"name":"Элемент присутствует на странице","status":"passed","stage":"finished","steps":[],"attachments":[],"parameters":[{"name":"element","value":"<input autocomplete=\"off\" class=\"vLandingInput__field\" id=\"password\" name=\"password\" required type=\"password\"></input>"}],"start":1671166045865,"stop":1671166045879},{"name":"Элемент присутствует на странице","status":"passed","stage":"finished","steps":[],"attachments":[],"parameters":[{"name":"element","value":"<a class=\"sign__forget-pass\" href=\"/users/forget\">Забыли пароль?</a>"}],"start":1671166045929,"stop":1671166045943},{"name":"Элемент присутствует на странице","status":"passed","stage":"finished","steps":[],"attachments":[],"parameters":[{"name":"element","value":"<button class=\"vButton\" disabled type=\"submit\">Войти</button>"}],"start":1671166045987,"stop":1671166046001},{"name":"Элемент присутствует на странице","status":"passed","stage":"finished","steps":[],"attachments":[],"parameters":[{"name":"element","value":"<a class=\"sign__text-link\" href=\"/users/registration\">Регистрация</a>"}],"start":1671166046057,"stop":1671166046081},{"name":"Элемент присутствует на странице","status":"passed","stage":"finished","steps":[],"attachments":[],"parameters":[{"name":"element","value":"<a href=\"/\"></a>"}],"start":1671166046142,"stop":1671166046160},{"name":"Элемент присутствует на странице","status":"passed","stage":"finished","steps":[],"attachments":[],"parameters":[{"name":"element","value":"<p class=\"sign__copyright\">© powered by tapper 2021</p>"}],"start":1671166046213,"stop":1671166046227}],"attachments":[],"parameters":[],"start":1671166045476,"stop":1671166046227},{"name":"Авторизация пользователя","status":"passed","stage":"finished","steps":[{"name":"Ввод данных kirillk8888@yandex.ru без задержки","status":"passed","stage":"finished","steps":[],"attachments":[],"parameters":[{"name":"element","value":"<input autocomplete=\"off\" class=\"vLandingInput__field\" id=\"email\" name=\"email\" required type=\"text\"></input>"},{"name":"text","value":"kirillk8888@yandex.ru"}],"start":1671166046261,"stop":1671166046350},{"name":"Ввод данных 202302 без задержки","status":"passed","stage":"finished","steps":[],"attachments":[],"parameters":[{"name":"element","value":"<input autocomplete=\"off\" class=\"vLandingInput__field\" id=\"password\" name=\"password\" required type=\"password\"></input>"},{"name":"text","value":"202302"}],"start":1671166046387,"stop":1671166046438},{"name":"Кнопка видна и клик по ней","status":"passed","stage":"finished","steps":[],"attachments":[],"parameters":[{"name":"element","value":"<button class=\"vButton\" type=\"submit\">Войти</button>"}],"start":1671166046473,"stop":1671166046538}],"attachments":[],"parameters":[{"name":"login","value":"kirillk8888@yandex.ru"},{"name":"password","value":"202302"}],"start":1671166046228,"stop":1671166046538},{"name":"Проверка что текст {text} содержится в текущем URL","status":"passed","stage":"finished","steps":[],"attachments":[],"parameters":[{"name":"url","value":"https://tapper.staging.zedform.ru/profile"}],"start":1671166046538,"stop":1671166046956}],"attachments":[],"parameters":[{"name":"login","value":"kirillk8888@yandex.ru"},{"name":"password","value":"202302"}],"start":1671166040160,"stop":1671166046956},{"name":"Переход в категорию меню","status":"passed","stage":"finished","steps":[{"name":"Кнопка видна и клик по ней","status":"passed","stage":"finished","steps":[],"attachments":[],"parameters":[{"name":"element","value":"NoSuchElementException: no such element: Unable to locate element: {\"method\":\"xpath\",\"selector\":\"//*[@class='vProfileMenu__list']/*[contains(@class,'VMenuProfileLink')][.//*[text()='Меню']]\"}"}],"start":1671166046978,"stop":1671166047264}],"attachments":[],"parameters":[],"start":1671166046956,"stop":1671166047536},{"name":"Сохранение данных по меню для работы с таппером","status":"failed","statusDetails":{"known":false,"muted":false,"flaky":false,"message":"Element not found {.vAdmiMenuTable__item-btn+.vAdmiMenuTable__item-btn .vAdminMenuBtn[0]/.vAdminMenuBtn}\r\nExpected: exist\r\nScreenshot: file:/C:/tapper.cloud/build/reports/tests/1671166059152.0.png\r\nTimeout: 4 s.\r\nCaused by: NoSuchElementException: no such element: Unable to locate element: {\"method\":\"css selector\",\"selector\":\".vAdminMenuBtn\"}","trace":"Element not found {.vAdmiMenuTable__item-btn+.vAdmiMenuTable__item-btn .vAdminMenuBtn[0]/.vAdminMenuBtn}\r\nExpected: exist\r\nScreenshot: file:/C:/tapper.cloud/build/reports/tests/1671166059152.0.png\r\nTimeout: 4 s.\r\nCaused by: NoSuchElementException: no such element: Unable to locate element: {\"method\":\"css selector\",\"selector\":\".vAdminMenuBtn\"}\r\n\tat com.codeborne.selenide.impl.WebElementSource.createElementNotFoundError(WebElementSource.java:87)\r\n\tat com.codeborne.selenide.impl.ElementFinder.createElementNotFoundError(ElementFinder.java:138)\r\n\tat com.codeborne.selenide.impl.ExceptionWrapper.wrap(ExceptionWrapper.java:32)\r\n\tat com.codeborne.selenide.impl.SelenideElementProxy.dispatchAndRetry(SelenideElementProxy.java:152)\r\n\tat com.codeborne.selenide.impl.SelenideElementProxy.invoke(SelenideElementProxy.java:82)\r\n\tat jdk.proxy2/jdk.proxy2.$Proxy23.getAttribute(Unknown Source)\r\n\tat tapper_admin.menu.Menu.saveMenuData(Menu.java:456)\r\n\tat tapper.tests.waiter_admin_account.menu._11_2_ggTest.gg(_11_2_ggTest.java:90)\r\n\tat java.base/jdk.internal.reflect.NativeMethodAccessorImpl.invoke0(Native Method)\r\n\tat java.base/jdk.internal.reflect.NativeMethodAccessorImpl.invoke(NativeMethodAccessorImpl.java:78)\r\n\tat java.base/jdk.internal.reflect.DelegatingMethodAccessorImpl.invoke(DelegatingMethodAccessorImpl.java:43)\r\n\tat java.base/java.lang.reflect.Method.invoke(Method.java:567)\r\n\tat org.junit.platform.commons.util.ReflectionUtils.invokeMethod(ReflectionUtils.java:727)\r\n\tat org.junit.jupiter.engine.execution.MethodInvocation.proceed(MethodInvocation.java:60)\r\n\tat org.junit.jupiter.engine.execution.InvocationInterceptorChain$ValidatingInvocation.proceed(InvocationInterceptorChain.java:131)\r\n\tat org.junit.jupiter.engine.extension.TimeoutExtension.intercept(TimeoutExtension.java:156)\r\n\tat org.junit.jupiter.engine.extension.TimeoutExtension.interceptTestableMethod(TimeoutExtension.java:147)\r\n\tat org.junit.jupiter.engine.extension.TimeoutExtension.interceptTestMethod(TimeoutExtension.java:86)\r\n\tat org.junit.jupiter.engine.execution.InterceptingExecutableInvoker$ReflectiveInterceptorCall.lambda$ofVoidMethod$0(InterceptingExecutableInvoker.java:103)\r\n\tat org.junit.jupiter.engine.execution.InterceptingExecutableInvoker.lambda$invoke$0(InterceptingExecutableInvoker.java:93)\r\n\tat org.junit.jupiter.engine.execution.InvocationInterceptorChain$InterceptedInvocation.proceed(InvocationInterceptorChain.java:106)\r\n\tat org.junit.jupiter.engine.execution.InvocationInterceptorChain.proceed(InvocationInterceptorChain.java:64)\r\n\tat org.junit.jupiter.engine.execution.InvocationInterceptorChain.chainAndInvoke(InvocationInterceptorChain.java:45)\r\n\tat org.junit.jupiter.engine.execution.InvocationInterceptorChain.invoke(InvocationInterceptorChain.java:37)\r\n\tat org.junit.jupiter.engine.execution.InterceptingExecutableInvoker.invoke(InterceptingExecutableInvoker.java:92)\r\n\tat org.junit.jupiter.engine.execution.InterceptingExecutableInvoker.invoke(InterceptingExecutableInvoker.java:86)\r\n\tat org.junit.jupiter.engine.descriptor.TestMethodTestDescriptor.lambda$invokeTestMethod$7(TestMethodTestDescriptor.java:217)\r\n\tat org.junit.platform.engine.support.hierarchical.ThrowableCollector.execute(ThrowableCollector.java:73)\r\n\tat org.junit.jupiter.engine.descriptor.TestMethodTestDescriptor.invokeTestMethod(TestMethodTestDescriptor.java:213)\r\n\tat org.junit.jupiter.engine.descriptor.TestMethodTestDescriptor.execute(TestMethodTestDescriptor.java:138)\r\n\tat org.junit.jupiter.engine.descriptor.TestMethodTestDescriptor.execute(TestMethodTestDescriptor.java:68)\r\n\tat org.junit.platform.engine.support.hierarchical.NodeTestTask.lambda$executeRecursively$6(NodeTestTask.java:151)\r\n\tat org.junit.platform.engine.support.hierarchical.ThrowableCollector.execute(ThrowableCollector.java:73)\r\n\tat org.junit.platform.engine.support.hierarchical.NodeTestTask.lambda$executeRecursively$8(NodeTestTask.java:141)\r\n\tat org.junit.platform.engine.support.hierarchical.Node.around(Node.java:137)\r\n\tat org.junit.platform.engine.support.hierarchical.NodeTestTask.lambda$executeRecursively$9(NodeTestTask.java:139)\r\n\tat org.junit.platform.engine.support.hierarchical.ThrowableCollector.execute(ThrowableCollector.java:73)\r\n\tat org.junit.platform.engine.support.hierarchical.NodeTestTask.executeRecursively(NodeTestTask.java:138)\r\n\tat org.junit.platform.engine.support.hierarchical.NodeTestTask.execute(NodeTestTask.java:95)\r\n\tat org.junit.platform.engine.support.hierarchical.ForkJoinPoolHierarchicalTestExecutorService$ExclusiveTask.compute(ForkJoinPoolHierarchicalTestExecutorService.java:185)\r\n\tat org.junit.platform.engine.support.hierarchical.ForkJoinPoolHierarchicalTestExecutorService.invokeAll(ForkJoinPoolHierarchicalTestExecutorService.java:129)\r\n\tat org.junit.platform.engine.support.hierarchical.NodeTestTask.lambda$executeRecursively$6(NodeTestTask.java:155)\r\n\tat org.junit.platform.engine.support.hierarchical.ThrowableCollector.execute(ThrowableCollector.java:73)\r\n\tat org.junit.platform.engine.support.hierarchical.NodeTestTask.lambda$executeRecursively$8(NodeTestTask.java:141)\r\n\tat org.junit.platform.engine.support.hierarchical.Node.around(Node.java:137)\r\n\tat org.junit.platform.engine.support.hierarchical.NodeTestTask.lambda$executeRecursively$9(NodeTestTask.java:139)\r\n\tat org.junit.platform.engine.support.hierarchical.ThrowableCollector.execute(ThrowableCollector.java:73)\r\n\tat org.junit.platform.engine.support.hierarchical.NodeTestTask.executeRecursively(NodeTestTask.java:138)\r\n\tat org.junit.platform.engine.support.hierarchical.NodeTestTask.execute(NodeTestTask.java:95)\r\n\tat org.junit.platform.engine.support.hierarchical.ForkJoinPoolHierarchicalTestExecutorService$ExclusiveTask.compute(ForkJoinPoolHierarchicalTestExecutorService.java:185)\r\n\tat org.junit.platform.engine.support.hierarchical.ForkJoinPoolHierarchicalTestExecutorService.invokeAll(ForkJoinPoolHierarchicalTestExecutorService.java:129)\r\n\tat org.junit.platform.engine.support.hierarchical.NodeTestTask.lambda$executeRecursively$6(NodeTestTask.java:155)\r\n\tat org.junit.platform.engine.support.hierarchical.ThrowableCollector.execute(ThrowableCollector.java:73)\r\n\tat org.junit.platform.engine.support.hierarchical.NodeTestTask.lambda$executeRecursively$8(NodeTestTask.java:141)\r\n\tat org.junit.platform.engine.support.hierarchical.Node.around(Node.java:137)\r\n\tat org.junit.platform.engine.support.hierarchical.NodeTestTask.lambda$executeRecursively$9(NodeTestTask.java:139)\r\n\tat org.junit.platform.engine.support.hierarchical.ThrowableCollector.execute(ThrowableCollector.java:73)\r\n\tat org.junit.platform.engine.support.hierarchical.NodeTestTask.executeRecursively(NodeTestTask.java:138)\r\n\tat org.junit.platform.engine.support.hierarchical.NodeTestTask.execute(NodeTestTask.java:95)\r\n\tat org.junit.platform.engine.support.hierarchical.ForkJoinPoolHierarchicalTestExecutorService$ExclusiveTask.compute(ForkJoinPoolHierarchicalTestExecutorService.java:185)\r\n\tat java.base/java.util.concurrent.RecursiveAction.exec(RecursiveAction.java:194)\r\n\tat java.base/java.util.concurrent.ForkJoinTask.doExec(ForkJoinTask.java:295)\r\n\tat java.base/java.util.concurrent.ForkJoinPool$WorkQueue.topLevelExec(ForkJoinPool.java:1016)\r\n\tat java.base/java.util.concurrent.ForkJoinPool.scan(ForkJoinPool.java:1665)\r\n\tat java.base/java.util.concurrent.ForkJoinPool.runWorker(ForkJoinPool.java:1598)\r\n\tat java.base/java.util.concurrent.ForkJoinWorkerThread.run(ForkJoinWorkerThread.java:183)\r\nCaused by: org.openqa.selenium.NoSuchElementException: no such element: Unable to locate element: {\"method\":\"css selector\",\"selector\":\".vAdminMenuBtn\"}\n  (Session info: chrome=108.0.5359.125)\nFor documentation on this error, please visit: https://selenium.dev/exceptions/#no_such_element\nBuild info: version: '4.6.0', revision: '79f1c02ae20'\nSystem info: os.name: 'Windows 10', os.arch: 'amd64', os.version: '10.0', java.version: '16.0.2'\nDriver info: org.openqa.selenium.chrome.ChromeDriver\nCommand: [1b682c0922ad4dca7a36d1192d74229a, findChildElement {id=1e44fea0-d174-4d42-92d3-4b23e8481983, using=css selector, value=.vAdminMenuBtn}]\nCapabilities {acceptInsecureCerts: true, browserName: chrome, browserVersion: 108.0.5359.125, chrome: {chromedriverVersion: 108.0.5359.71 (1e0e3868ee06..., userDataDir: C:\\Users\\user\\AppData\\Local...}, goog:chromeOptions: {debuggerAddress: localhost:54804}, networkConnectionEnabled: false, pageLoadStrategy: normal, platformName: WINDOWS, proxy: Proxy(), se:cdp: ws://localhost:54804/devtoo..., se:cdpVersion: 108.0.5359.125, setWindowRect: true, strictFileInteractability: false, timeouts: {implicit: 0, pageLoad: 300000, script: 30000}, unhandledPromptBehavior: accept, webauthn:extension:credBlob: true, webauthn:extension:largeBlob: true, webauthn:virtualAuthenticators: true}\nSession ID: 1b682c0922ad4dca7a36d1192d74229a\r\n\tat jdk.internal.reflect.GeneratedConstructorAccessor14.newInstance(Unknown Source)\r\n\tat java.base/jdk.internal.reflect.DelegatingConstructorAccessorImpl.newInstance(DelegatingConstructorAccessorImpl.java:45)\r\n\tat java.base/java.lang.reflect.Constructor.newInstanceWithCaller(Constructor.java:499)\r\n\tat java.base/java.lang.reflect.Constructor.newInstance(Constructor.java:480)\r\n\tat org.openqa.selenium.remote.codec.w3c.W3CHttpResponseCodec.createException(W3CHttpResponseCodec.java:200)\r\n\tat org.openqa.selenium.remote.codec.w3c.W3CHttpResponseCodec.decode(W3CHttpResponseCodec.java:133)\r\n\tat org.openqa.selenium.remote.codec.w3c.W3CHttpResponseCodec.decode(W3CHttpResponseCodec.java:53)\r\n\tat org.openqa.selenium.remote.HttpCommandExecutor.execute(HttpCommandExecutor.java:184)\r\n\tat org.openqa.selenium.remote.service.DriverCommandExecutor.invokeExecute(DriverCommandExecutor.java:167)\r\n\tat org.openqa.selenium.remote.service.DriverCommandExecutor.execute(DriverCommandExecutor.java:142)\r\n\tat org.openqa.selenium.remote.RemoteWebDriver.execute(RemoteWebDriver.java:541)\r\n\tat org.openqa.selenium.remote.ElementLocation$ElementFinder$2.findElement(ElementLocation.java:162)\r\n\tat org.openqa.selenium.remote.ElementLocation.findElement(ElementLocation.java:60)\r\n\tat org.openqa.selenium.remote.RemoteWebDriver.findElement(RemoteWebDriver.java:365)\r\n\tat org.openqa.selenium.remote.RemoteWebElement.findElement(RemoteWebElement.java:227)\r\n\tat com.codeborne.selenide.impl.WebElementSelector.findElement(WebElementSelector.java:70)\r\n\tat com.codeborne.selenide.impl.WebElementSelector.findElement(WebElementSelector.java:44)\r\n\tat com.codeborne.selenide.impl.WebElementSelector.findElement(WebElementSelector.java:33)\r\n\tat com.codeborne.selenide.impl.ElementFinder.getWebElement(ElementFinder.java:118)\r\n\tat com.codeborne.selenide.commands.GetAttribute.execute(GetAttribute.java:20)\r\n\tat com.codeborne.selenide.commands.GetAttribute.execute(GetAttribute.java:13)\r\n\tat com.codeborne.selenide.commands.Commands.execute(Commands.java:157)\r\n\tat com.codeborne.selenide.impl.SelenideElementProxy.dispatchAndRetry(SelenideElementProxy.java:130)\r\n\t... 62 more\r\n"},"stage":"finished","steps":[{"name":"Скрыть все категории блюд","status":"passed","stage":"finished","steps":[{"name":"Принудительное ожидание из-за долгой загрузки страницы,элементов,скриптов (500 мс)","status":"passed","stage":"finished","steps":[],"attachments":[],"parameters":[{"name":"ms","value":"500"}],"start":1671166047618,"stop":1671166048122},{"name":"Принудительное ожидание из-за долгой загрузки страницы,элементов,скриптов (500 мс)","status":"passed","stage":"finished","steps":[],"attachments":[],"parameters":[{"name":"ms","value":"500"}],"start":1671166048179,"stop":1671166048681},{"name":"Принудительное ожидание из-за долгой загрузки страницы,элементов,скриптов (500 мс)","status":"passed","stage":"finished","steps":[],"attachments":[],"parameters":[{"name":"ms","value":"500"}],"start":1671166048793,"stop":1671166049301}],"attachments":[],"parameters":[],"start":1671166047536,"stop":1671166049301},{"name":"Выбрать рандомное число категорий","status":"passed","stage":"finished","steps":[{"name":"Генерация рандомного значения от 1 до 13","status":"passed","stage":"finished","steps":[],"attachments":[],"parameters":[{"name":"min","value":"1"},{"name":"max","value":"13"}],"start":1671166049312,"stop":1671166049313},{"name":"Генерация рандомного значения от 1 до 13","status":"passed","stage":"finished","steps":[],"attachments":[],"parameters":[{"name":"min","value":"1"},{"name":"max","value":"13"}],"start":1671166049645,"stop":1671166049645},{"name":"Генерация рандомного значения от 1 до 13","status":"passed","stage":"finished","steps":[],"attachments":[],"parameters":[{"name":"min","value":"1"},{"name":"max","value":"13"}],"start":1671166049973,"stop":1671166049973}],"attachments":[],"parameters":[{"name":"neededCategoryAmount","value":"3"}],"start":1671166049301,"stop":1671166050276},{"name":"Включить 'Показать активные для гостя'","status":"passed","stage":"finished","steps":[],"attachments":[],"parameters":[],"start":1671166050277,"stop":1671166050349},{"name":"Выбрать рандомное число блюд","status":"passed","stage":"finished","steps":[{"name":"Скрыть все блюда","status":"passed","stage":"finished","steps":[{"name":"Принудительное ожидание из-за долгой загрузки страницы,элементов,скриптов (500 мс)","status":"passed","stage":"finished","steps":[],"attachments":[],"parameters":[{"name":"ms","value":"500"}],"start":1671166051233,"stop":1671166051734}],"attachments":[],"parameters":[],"start":1671166050921,"stop":1671166051734},{"name":"Генерация рандомного значения от 1 до 1","status":"passed","stage":"finished","steps":[],"attachments":[],"parameters":[{"name":"min","value":"1"},{"name":"max","value":"1"}],"start":1671166051739,"stop":1671166051739},{"name":"Скрыть все блюда","status":"passed","stage":"finished","steps":[],"attachments":[],"parameters":[],"start":1671166052606,"stop":1671166052623},{"name":"Генерация рандомного значения от 1 до 1","status":"passed","stage":"finished","steps":[],"attachments":[],"parameters":[{"name":"min","value":"1"},{"name":"max","value":"1"}],"start":1671166052628,"stop":1671166052628},{"name":"Скрыть все блюда","status":"passed","stage":"finished","steps":[],"attachments":[],"parameters":[],"start":1671166053518,"stop":1671166053598},{"name":"Генерация рандомного значения от 1 до 9","status":"passed","stage":"finished","steps":[],"attachments":[],"parameters":[{"name":"min","value":"1"},{"name":"max","value":"9"}],"start":1671166053603,"stop":1671166053603}],"attachments":[],"parameters":[{"name":"neededCategoryAmount","value":"1"}],"start":1671166050350,"stop":1671166053917},{"name":"Принудительное ожидание из-за долгой загрузки страницы,элементов,скриптов (1000 мс)","status":"passed","stage":"finished","steps":[],"attachments":[],"parameters":[{"name":"ms","value":"1000"}],"start":1671166053965,"stop":1671166054973}],"attachments":[],"parameters":[],"start":1671166047536,"stop":1671166059299}],"attachments":[{"name":"Screenshot","source":"c6812a22-6e2d-4eff-add9-c14259809ba0-attachment.png","type":"image/png"}],"parameters":[],"start":1671166040140,"stop":1671166059444}