{"uuid":"5d42560c-7bfe-482a-b9c3-c9eb3a0abd39","historyId":"decc644fb36ae6f92c2178b2f879401c","testCaseId":"[engine:junit-jupiter]/[class:tapper.tests.waiter_admin_account.menu._11_3_ChangeCategoryAndDishesTest]/[method:goToMenu()]","testCaseName":"1.2. Переход на страницу меню","fullName":"tapper.tests.waiter_admin_account.menu._11_3_ChangeCategoryAndDishesTest.goToMenu","labels":[{"name":"junit.platform.uniqueid","value":"[engine:junit-jupiter]/[class:tapper.tests.waiter_admin_account.menu._11_3_ChangeCategoryAndDishesTest]/[method:goToMenu()]"},{"name":"epic","value":"Личный кабинет администратора ресторана"},{"name":"feature","value":"Меню"},{"name":"host","value":"WIN-UJN5UBMF8DD"},{"name":"thread","value":"10196@WIN-UJN5UBMF8DD.ForkJoinPool-1-worker-3(17)"},{"name":"framework","value":"junit-platform"},{"name":"language","value":"java"},{"name":"package","value":"tapper.tests.waiter_admin_account.menu._11_3_ChangeCategoryAndDishesTest"},{"name":"testClass","value":"tapper.tests.waiter_admin_account.menu._11_3_ChangeCategoryAndDishesTest"},{"name":"testMethod","value":"goToMenu"},{"name":"suite","value":"Перетаскивание"}],"links":[],"name":"1.2. Переход на страницу меню","status":"broken","statusDetails":{"known":false,"muted":false,"flaky":false,"message":"java.util.concurrent.TimeoutException\nBuild info: version: '4.6.0', revision: '79f1c02ae20'\nSystem info: os.name: 'Windows 10', os.arch: 'amd64', os.version: '10.0', java.version: '16.0.2'\nDriver info: org.openqa.selenium.chrome.ChromeDriver\nCommand: [4481d6c5591e764f3629b485acf2755f, actions {actions=[org.openqa.selenium.interactions.Sequence@4afc2d47]}]\nCapabilities {acceptInsecureCerts: true, browserName: chrome, browserVersion: 108.0.5359.125, chrome: {chromedriverVersion: 108.0.5359.71 (1e0e3868ee06..., userDataDir: C:\\Users\\user\\AppData\\Local...}, goog:chromeOptions: {debuggerAddress: localhost:56121}, networkConnectionEnabled: false, pageLoadStrategy: normal, platformName: WINDOWS, proxy: Proxy(), se:cdp: ws://localhost:56121/devtoo..., se:cdpVersion: 108.0.5359.125, setWindowRect: true, strictFileInteractability: false, timeouts: {implicit: 0, pageLoad: 300000, script: 30000}, unhandledPromptBehavior: accept, webauthn:extension:credBlob: true, webauthn:extension:largeBlob: true, webauthn:virtualAuthenticators: true}\nSession ID: 4481d6c5591e764f3629b485acf2755f","trace":"org.openqa.selenium.TimeoutException: java.util.concurrent.TimeoutException\nBuild info: version: '4.6.0', revision: '79f1c02ae20'\nSystem info: os.name: 'Windows 10', os.arch: 'amd64', os.version: '10.0', java.version: '16.0.2'\nDriver info: org.openqa.selenium.chrome.ChromeDriver\nCommand: [4481d6c5591e764f3629b485acf2755f, actions {actions=[org.openqa.selenium.interactions.Sequence@4afc2d47]}]\nCapabilities {acceptInsecureCerts: true, browserName: chrome, browserVersion: 108.0.5359.125, chrome: {chromedriverVersion: 108.0.5359.71 (1e0e3868ee06..., userDataDir: C:\\Users\\user\\AppData\\Local...}, goog:chromeOptions: {debuggerAddress: localhost:56121}, networkConnectionEnabled: false, pageLoadStrategy: normal, platformName: WINDOWS, proxy: Proxy(), se:cdp: ws://localhost:56121/devtoo..., se:cdpVersion: 108.0.5359.125, setWindowRect: true, strictFileInteractability: false, timeouts: {implicit: 0, pageLoad: 300000, script: 30000}, unhandledPromptBehavior: accept, webauthn:extension:credBlob: true, webauthn:extension:largeBlob: true, webauthn:virtualAuthenticators: true}\nSession ID: 4481d6c5591e764f3629b485acf2755f\r\n\tat org.openqa.selenium.remote.http.netty.NettyHttpHandler.makeCall(NettyHttpHandler.java:65)\r\n\tat org.openqa.selenium.remote.http.AddSeleniumUserAgent.lambda$apply$0(AddSeleniumUserAgent.java:42)\r\n\tat org.openqa.selenium.remote.http.Filter.lambda$andFinally$1(Filter.java:56)\r\n\tat org.openqa.selenium.remote.http.netty.NettyHttpHandler.execute(NettyHttpHandler.java:49)\r\n\tat org.openqa.selenium.remote.http.AddSeleniumUserAgent.lambda$apply$0(AddSeleniumUserAgent.java:42)\r\n\tat org.openqa.selenium.remote.http.Filter.lambda$andFinally$1(Filter.java:56)\r\n\tat org.openqa.selenium.remote.http.netty.NettyClient.execute(NettyClient.java:99)\r\n\tat org.openqa.selenium.remote.HttpCommandExecutor.execute(HttpCommandExecutor.java:181)\r\n\tat org.openqa.selenium.remote.service.DriverCommandExecutor.invokeExecute(DriverCommandExecutor.java:167)\r\n\tat org.openqa.selenium.remote.service.DriverCommandExecutor.execute(DriverCommandExecutor.java:142)\r\n\tat org.openqa.selenium.remote.RemoteWebDriver.execute(RemoteWebDriver.java:541)\r\n\tat org.openqa.selenium.remote.RemoteWebDriver.perform(RemoteWebDriver.java:609)\r\n\tat org.openqa.selenium.interactions.Actions$BuiltAction.perform(Actions.java:567)\r\n\tat org.openqa.selenium.interactions.Actions.perform(Actions.java:536)\r\n\tat tapper.tests.waiter_admin_account.menu._11_3_ChangeCategoryAndDishesTest.goToMenu(_11_3_ChangeCategoryAndDishesTest.java:75)\r\n\tat java.base/jdk.internal.reflect.NativeMethodAccessorImpl.invoke0(Native Method)\r\n\tat java.base/jdk.internal.reflect.NativeMethodAccessorImpl.invoke(NativeMethodAccessorImpl.java:78)\r\n\tat java.base/jdk.internal.reflect.DelegatingMethodAccessorImpl.invoke(DelegatingMethodAccessorImpl.java:43)\r\n\tat java.base/java.lang.reflect.Method.invoke(Method.java:567)\r\n\tat org.junit.platform.commons.util.ReflectionUtils.invokeMethod(ReflectionUtils.java:727)\r\n\tat org.junit.jupiter.engine.execution.MethodInvocation.proceed(MethodInvocation.java:60)\r\n\tat org.junit.jupiter.engine.execution.InvocationInterceptorChain$ValidatingInvocation.proceed(InvocationInterceptorChain.java:131)\r\n\tat org.junit.jupiter.engine.extension.TimeoutExtension.intercept(TimeoutExtension.java:156)\r\n\tat org.junit.jupiter.engine.extension.TimeoutExtension.interceptTestableMethod(TimeoutExtension.java:147)\r\n\tat org.junit.jupiter.engine.extension.TimeoutExtension.interceptTestMethod(TimeoutExtension.java:86)\r\n\tat org.junit.jupiter.engine.execution.InterceptingExecutableInvoker$ReflectiveInterceptorCall.lambda$ofVoidMethod$0(InterceptingExecutableInvoker.java:103)\r\n\tat org.junit.jupiter.engine.execution.InterceptingExecutableInvoker.lambda$invoke$0(InterceptingExecutableInvoker.java:93)\r\n\tat org.junit.jupiter.engine.execution.InvocationInterceptorChain$InterceptedInvocation.proceed(InvocationInterceptorChain.java:106)\r\n\tat org.junit.jupiter.engine.execution.InvocationInterceptorChain.proceed(InvocationInterceptorChain.java:64)\r\n\tat org.junit.jupiter.engine.execution.InvocationInterceptorChain.chainAndInvoke(InvocationInterceptorChain.java:45)\r\n\tat org.junit.jupiter.engine.execution.InvocationInterceptorChain.invoke(InvocationInterceptorChain.java:37)\r\n\tat org.junit.jupiter.engine.execution.InterceptingExecutableInvoker.invoke(InterceptingExecutableInvoker.java:92)\r\n\tat org.junit.jupiter.engine.execution.InterceptingExecutableInvoker.invoke(InterceptingExecutableInvoker.java:86)\r\n\tat org.junit.jupiter.engine.descriptor.TestMethodTestDescriptor.lambda$invokeTestMethod$7(TestMethodTestDescriptor.java:217)\r\n\tat org.junit.platform.engine.support.hierarchical.ThrowableCollector.execute(ThrowableCollector.java:73)\r\n\tat org.junit.jupiter.engine.descriptor.TestMethodTestDescriptor.invokeTestMethod(TestMethodTestDescriptor.java:213)\r\n\tat org.junit.jupiter.engine.descriptor.TestMethodTestDescriptor.execute(TestMethodTestDescriptor.java:138)\r\n\tat org.junit.jupiter.engine.descriptor.TestMethodTestDescriptor.execute(TestMethodTestDescriptor.java:68)\r\n\tat org.junit.platform.engine.support.hierarchical.NodeTestTask.lambda$executeRecursively$6(NodeTestTask.java:151)\r\n\tat org.junit.platform.engine.support.hierarchical.ThrowableCollector.execute(ThrowableCollector.java:73)\r\n\tat org.junit.platform.engine.support.hierarchical.NodeTestTask.lambda$executeRecursively$8(NodeTestTask.java:141)\r\n\tat org.junit.platform.engine.support.hierarchical.Node.around(Node.java:137)\r\n\tat org.junit.platform.engine.support.hierarchical.NodeTestTask.lambda$executeRecursively$9(NodeTestTask.java:139)\r\n\tat org.junit.platform.engine.support.hierarchical.ThrowableCollector.execute(ThrowableCollector.java:73)\r\n\tat org.junit.platform.engine.support.hierarchical.NodeTestTask.executeRecursively(NodeTestTask.java:138)\r\n\tat org.junit.platform.engine.support.hierarchical.NodeTestTask.execute(NodeTestTask.java:95)\r\n\tat org.junit.platform.engine.support.hierarchical.ForkJoinPoolHierarchicalTestExecutorService$ExclusiveTask.compute(ForkJoinPoolHierarchicalTestExecutorService.java:185)\r\n\tat org.junit.platform.engine.support.hierarchical.ForkJoinPoolHierarchicalTestExecutorService.invokeAll(ForkJoinPoolHierarchicalTestExecutorService.java:129)\r\n\tat org.junit.platform.engine.support.hierarchical.NodeTestTask.lambda$executeRecursively$6(NodeTestTask.java:155)\r\n\tat org.junit.platform.engine.support.hierarchical.ThrowableCollector.execute(ThrowableCollector.java:73)\r\n\tat org.junit.platform.engine.support.hierarchical.NodeTestTask.lambda$executeRecursively$8(NodeTestTask.java:141)\r\n\tat org.junit.platform.engine.support.hierarchical.Node.around(Node.java:137)\r\n\tat org.junit.platform.engine.support.hierarchical.NodeTestTask.lambda$executeRecursively$9(NodeTestTask.java:139)\r\n\tat org.junit.platform.engine.support.hierarchical.ThrowableCollector.execute(ThrowableCollector.java:73)\r\n\tat org.junit.platform.engine.support.hierarchical.NodeTestTask.executeRecursively(NodeTestTask.java:138)\r\n\tat org.junit.platform.engine.support.hierarchical.NodeTestTask.execute(NodeTestTask.java:95)\r\n\tat org.junit.platform.engine.support.hierarchical.ForkJoinPoolHierarchicalTestExecutorService$ExclusiveTask.compute(ForkJoinPoolHierarchicalTestExecutorService.java:185)\r\n\tat org.junit.platform.engine.support.hierarchical.ForkJoinPoolHierarchicalTestExecutorService.invokeAll(ForkJoinPoolHierarchicalTestExecutorService.java:129)\r\n\tat org.junit.platform.engine.support.hierarchical.NodeTestTask.lambda$executeRecursively$6(NodeTestTask.java:155)\r\n\tat org.junit.platform.engine.support.hierarchical.ThrowableCollector.execute(ThrowableCollector.java:73)\r\n\tat org.junit.platform.engine.support.hierarchical.NodeTestTask.lambda$executeRecursively$8(NodeTestTask.java:141)\r\n\tat org.junit.platform.engine.support.hierarchical.Node.around(Node.java:137)\r\n\tat org.junit.platform.engine.support.hierarchical.NodeTestTask.lambda$executeRecursively$9(NodeTestTask.java:139)\r\n\tat org.junit.platform.engine.support.hierarchical.ThrowableCollector.execute(ThrowableCollector.java:73)\r\n\tat org.junit.platform.engine.support.hierarchical.NodeTestTask.executeRecursively(NodeTestTask.java:138)\r\n\tat org.junit.platform.engine.support.hierarchical.NodeTestTask.execute(NodeTestTask.java:95)\r\n\tat org.junit.platform.engine.support.hierarchical.ForkJoinPoolHierarchicalTestExecutorService$ExclusiveTask.compute(ForkJoinPoolHierarchicalTestExecutorService.java:185)\r\n\tat java.base/java.util.concurrent.RecursiveAction.exec(RecursiveAction.java:194)\r\n\tat java.base/java.util.concurrent.ForkJoinTask.doExec(ForkJoinTask.java:295)\r\n\tat java.base/java.util.concurrent.ForkJoinPool$WorkQueue.topLevelExec(ForkJoinPool.java:1016)\r\n\tat java.base/java.util.concurrent.ForkJoinPool.scan(ForkJoinPool.java:1665)\r\n\tat java.base/java.util.concurrent.ForkJoinPool.runWorker(ForkJoinPool.java:1598)\r\n\tat java.base/java.util.concurrent.ForkJoinWorkerThread.run(ForkJoinWorkerThread.java:183)\r\nCaused by: java.util.concurrent.TimeoutException\r\n\tat java.base/java.util.concurrent.CompletableFuture.timedGet(CompletableFuture.java:1956)\r\n\tat java.base/java.util.concurrent.CompletableFuture.get(CompletableFuture.java:2091)\r\n\tat org.asynchttpclient.netty.NettyResponseFuture.get(NettyResponseFuture.java:206)\r\n\tat org.openqa.selenium.remote.http.netty.NettyHttpHandler.makeCall(NettyHttpHandler.java:59)\r\n\t... 72 more\r\n"},"stage":"finished","description":"","steps":[{"name":"Авторизуемся на под админом ресторана","status":"passed","stage":"finished","steps":[{"name":"Открытие страницы https://tapper.staging.zedform.ru/users","status":"passed","stage":"finished","steps":[],"attachments":[],"parameters":[{"name":"url","value":"https://tapper.staging.zedform.ru/users"}],"start":1671192482032,"stop":1671192485783},{"name":"Принудительное ожидание из-за долгой загрузки страницы,элементов,скриптов (1000 мс)","status":"passed","stage":"finished","steps":[],"attachments":[],"parameters":[{"name":"ms","value":"1000"}],"start":1671192485784,"stop":1671192486788},{"name":"Проверка отображения всех элементов на странице авторизации официанта","status":"passed","stage":"finished","steps":[{"name":"Элемент присутствует на странице","status":"passed","stage":"finished","steps":[],"attachments":[],"parameters":[{"name":"element","value":"<p class=\"sign__welcome\">С возвращением</p>"}],"start":1671192486938,"stop":1671192486969},{"name":"Элемент присутствует на странице","status":"passed","stage":"finished","steps":[],"attachments":[],"parameters":[{"name":"element","value":"<h2 class=\"sign__title\">Вход в учётную запись</h2>"}],"start":1671192487027,"stop":1671192487043},{"name":"Элемент присутствует на странице","status":"passed","stage":"finished","steps":[],"attachments":[],"parameters":[{"name":"element","value":"<input autocomplete=\"off\" class=\"vLandingInput__field\" id=\"email\" name=\"email\" required type=\"text\"></input>"}],"start":1671192487092,"stop":1671192487107},{"name":"Элемент присутствует на странице","status":"passed","stage":"finished","steps":[],"attachments":[],"parameters":[{"name":"element","value":"<input autocomplete=\"off\" class=\"vLandingInput__field\" id=\"password\" name=\"password\" required type=\"password\"></input>"}],"start":1671192487154,"stop":1671192487168},{"name":"Элемент присутствует на странице","status":"passed","stage":"finished","steps":[],"attachments":[],"parameters":[{"name":"element","value":"<a class=\"sign__forget-pass\" href=\"/users/forget\">Забыли пароль?</a>"}],"start":1671192487214,"stop":1671192487230},{"name":"Элемент присутствует на странице","status":"passed","stage":"finished","steps":[],"attachments":[],"parameters":[{"name":"element","value":"<button class=\"vButton\" disabled type=\"submit\">Войти</button>"}],"start":1671192487278,"stop":1671192487292},{"name":"Элемент присутствует на странице","status":"passed","stage":"finished","steps":[],"attachments":[],"parameters":[{"name":"element","value":"<a class=\"sign__text-link\" href=\"/users/registration\">Регистрация</a>"}],"start":1671192487339,"stop":1671192487353},{"name":"Элемент присутствует на странице","status":"passed","stage":"finished","steps":[],"attachments":[],"parameters":[{"name":"element","value":"<a href=\"/\"></a>"}],"start":1671192487400,"stop":1671192487415},{"name":"Элемент присутствует на странице","status":"passed","stage":"finished","steps":[],"attachments":[],"parameters":[{"name":"element","value":"<p class=\"sign__copyright\">© powered by tapper 2021</p>"}],"start":1671192487462,"stop":1671192487476}],"attachments":[],"parameters":[],"start":1671192486788,"stop":1671192487476},{"name":"Авторизация пользователя","status":"passed","stage":"finished","steps":[{"name":"Ввод данных kirillk8888@yandex.ru без задержки","status":"passed","stage":"finished","steps":[],"attachments":[],"parameters":[{"name":"element","value":"<input autocomplete=\"off\" class=\"vLandingInput__field\" id=\"email\" name=\"email\" required type=\"text\"></input>"},{"name":"text","value":"kirillk8888@yandex.ru"}],"start":1671192487513,"stop":1671192487599},{"name":"Ввод данных 202302 без задержки","status":"passed","stage":"finished","steps":[],"attachments":[],"parameters":[{"name":"element","value":"<input autocomplete=\"off\" class=\"vLandingInput__field\" id=\"password\" name=\"password\" required type=\"password\"></input>"},{"name":"text","value":"202302"}],"start":1671192487638,"stop":1671192487706},{"name":"Кнопка видна и клик по ней","status":"passed","stage":"finished","steps":[],"attachments":[],"parameters":[{"name":"element","value":"<button class=\"vButton\" type=\"submit\">Войти</button>"}],"start":1671192487748,"stop":1671192487830}],"attachments":[],"parameters":[{"name":"login","value":"kirillk8888@yandex.ru"},{"name":"password","value":"202302"}],"start":1671192487477,"stop":1671192487830},{"name":"Проверка что текст {text} содержится в текущем URL","status":"passed","stage":"finished","steps":[],"attachments":[],"parameters":[{"name":"url","value":"https://tapper.staging.zedform.ru/profile"}],"start":1671192487830,"stop":1671192488255}],"attachments":[],"parameters":[{"name":"login","value":"kirillk8888@yandex.ru"},{"name":"password","value":"202302"}],"start":1671192482031,"stop":1671192488255},{"name":"Переход в категорию меню","status":"passed","stage":"finished","steps":[{"name":"Кнопка видна и клик по ней","status":"passed","stage":"finished","steps":[],"attachments":[],"parameters":[{"name":"element","value":"NoSuchElementException: no such element: Unable to locate element: {\"method\":\"xpath\",\"selector\":\"//*[@class='vProfileMenu__list']/*[contains(@class,'VMenuProfileLink')][.//*[text()='Меню']]\"}"}],"start":1671192488278,"stop":1671192488578}],"attachments":[],"parameters":[],"start":1671192488256,"stop":1671192488845},{"name":"Принудительное ожидание из-за долгой загрузки страницы,элементов,скриптов (3000 мс)","status":"passed","stage":"finished","steps":[],"attachments":[],"parameters":[{"name":"ms","value":"3000"}],"start":1671192488845,"stop":1671192491857}],"attachments":[{"name":"Screenshot","source":"54d29ee0-7292-4c24-9b72-a197677ae635-attachment.png","type":"image/png"}],"parameters":[],"start":1671192482010,"stop":1671192615342}