-------------------------------------------------------------------------------
Test set: tapper.tests.e2e.BasicPartialPaymentTest
-------------------------------------------------------------------------------
Tests run: 13, Failures: 2, Errors: 0, Skipped: 2, Time elapsed: 101.299 s <<< FAILURE! - in tapper.tests.e2e.BasicPartialPaymentTest
tapper.tests.e2e.BasicPartialPaymentTest.paymentCorrect  Time elapsed: 36.753 s  <<< FAILURE!
com.codeborne.selenide.ex.ElementShould: 
Element should be visible {By.xpath: //div[./div[@class='startScreen']]}
Element: '<div class="vh100" data-vue100vh displayed:false></div>'
Actual value: hidden
Screenshot: file:/C:/tapper.cloud/build/reports/tests/1667479411113.0.png
Page source: file:/C:/tapper.cloud/build/reports/tests/1667479411113.0.html
Timeout: 30 s.
	at tapper.tests.e2e.BasicPartialPaymentTest.paymentCorrect(BasicPartialPaymentTest.java:98)

tapper.tests.e2e.BasicPartialPaymentTest.reviewCorrect  Time elapsed: 8.54 s  <<< FAILURE!
com.codeborne.selenide.ex.InvalidStateException: 
Invalid element state [button.main-btn]: element click intercepted: Element <button class="payment-btn main-btn" disabled="">...</button> is not clickable at point (952, 965). Other element would receive the click: <div class="menu">...</div>
Screenshot: file:/C:/tapper.cloud/build/reports/tests/1667479419649.1.png
Page source: file:/C:/tapper.cloud/build/reports/tests/1667479419649.1.html
Timeout: 4 s.
Caused by: ElementClickInterceptedException: element click intercepted: Element <button class="payment-btn main-btn" disabled="">...</button> is not clickable at point (952, 965). Other element would receive the click: <div class="menu">...</div>
	at tapper.tests.e2e.BasicPartialPaymentTest.reviewCorrect(BasicPartialPaymentTest.java:111)
Caused by: org.openqa.selenium.ElementClickInterceptedException: 
element click intercepted: Element <button class="payment-btn main-btn" disabled="">...</button> is not clickable at point (952, 965). Other element would receive the click: <div class="menu">...</div>
  (Session info: chrome=107.0.5304.88)
Build info: version: '4.5.3', revision: '4b786a1e430'
System info: os.name: 'Windows 10', os.arch: 'amd64', os.version: '10.0', java.version: '16.0.2'
Driver info: org.openqa.selenium.chrome.ChromeDriver
Command: [c0a5d940b193c0ed66b21fdca200ce80, clickElement {id=65cc53e8-bf30-469c-a086-8b35b6d3c437}]
Capabilities {acceptInsecureCerts: true, browserName: chrome, browserVersion: 107.0.5304.88, chrome: {chromedriverVersion: 107.0.5304.62 (1eec40d3a576..., userDataDir: C:\Users\user\AppData\Local...}, goog:chromeOptions: {debuggerAddress: localhost:58102}, networkConnectionEnabled: false, pageLoadStrategy: normal, platformName: WINDOWS, proxy: Proxy(), se:cdp: ws://localhost:58102/devtoo..., se:cdpVersion: 107.0.5304.88, setWindowRect: true, strictFileInteractability: false, timeouts: {implicit: 0, pageLoad: 300000, script: 30000}, unhandledPromptBehavior: accept, webauthn:extension:credBlob: true, webauthn:extension:largeBlob: true, webauthn:virtualAuthenticators: true}
Element: [[ChromeDriver: chrome on WINDOWS (c0a5d940b193c0ed66b21fdca200ce80)] -> css selector: button.main-btn]
Session ID: c0a5d940b193c0ed66b21fdca200ce80
	at tapper.tests.e2e.BasicPartialPaymentTest.reviewCorrect(BasicPartialPaymentTest.java:111)

